<?xml version="1.0" encoding="UTF-8"?><testsuite errors="1" failures="0" name="com.gorest.gorestinfo.GoRestCRUDTestWithSteps" skipped="0" tests="1" time="0.4" timestamp="2023-06-03T20:30:59.828+01:00[Europe/London]"><testcase classname="com.gorest.gorestinfo.GoRestCRUDTestWithSteps" name="This method will get all users records"><error message="baseURI cannot be null" type="java.lang.IllegalArgumentException">baseURI cannot be null</error><system-err>baseURI cannot be null&#13;
io.restassured.internal.assertion.AssertParameter.notNull(AssertParameter.groovy:26)&#13;
io.restassured.internal.RequestSpecificationImpl.&lt;init&gt;(RequestSpecificationImpl.groovy:132)&#13;
io.restassured.RestAssured.createTestSpecification(RestAssured.java:1492)&#13;
io.restassured.RestAssured.given(RestAssured.java:711)&#13;
net.serenitybdd.rest.SerenityRest.given(SerenityRest.java:211)&#13;
com.gorest.gorestinfo.GoRestSteps.getUserIDs(GoRestSteps.java:30)&#13;
com.gorest.gorestinfo.GoRestCRUDTestWithSteps.test001(GoRestCRUDTestWithSteps.java:35)&#13;
</system-err></testcase></testsuite>